2024-02-24 12:53:06 [main] INFO  c.m.d.t.t.k.s.TwitterToKafkaServiceApplication - Starting TwitterToKafkaServiceApplication using Java 21.0.1 with PID 10580 (C:\Users\HP\Desktop\Projects\microservices.demo\twitter-to-kafka-service\target\classes started by HP in C:\Users\HP\Desktop\Projects\microservices.demo)
2024-02-24 12:53:06 [main] INFO  c.m.d.t.t.k.s.TwitterToKafkaServiceApplication - No active profile set, falling back to 1 default profile: "default"
2024-02-24 12:53:15 [main] INFO  c.m.d.t.t.k.s.TwitterToKafkaServiceApplication - Started TwitterToKafkaServiceApplication in 12.611 seconds (process running for 45.592)
2024-02-24 12:53:15 [main] INFO  c.m.d.t.t.k.s.TwitterToKafkaServiceApplication - App start...
2024-02-24 12:53:15 [main] INFO  c.m.d.t.t.k.s.TwitterToKafkaServiceApplication - [-Java -Microservices -Spring -Kafka -Elasticsearch]
2024-02-24 12:53:15 [main] INFO  c.m.d.t.t.k.s.TwitterToKafkaServiceApplication - Hello microservices!
2024-02-24 12:53:15 [main] INFO  c.m.d.t.t.k.s.r.i.MockKafkaStreamRunner - Starting mock filtering twitter streams for keywords [-Java -Microservices -Spring -Kafka -Elasticsearch]
2024-02-24 12:53:17 [pool-2-thread-1] INFO  c.m.d.t.t.k.s.l.TwitterKafkaStatusListener - Twitter status with text ipsum lectus posuere dolor Lorem posuere -Java -Microservices -Spring -Kafka -Elasticsearch sit dolor posuere ipsum sit
2024-02-24 12:53:27 [pool-2-thread-1] INFO  c.m.d.t.t.k.s.l.TwitterKafkaStatusListener - Twitter status with text sed libero elit dolor -Java -Microservices -Spring -Kafka -Elasticsearch massa congue
2024-02-24 12:53:37 [pool-2-thread-1] INFO  c.m.d.t.t.k.s.l.TwitterKafkaStatusListener - Twitter status with text purus lectus porttitor -Java -Microservices -Spring -Kafka -Elasticsearch posuere pulvinar
2024-02-24 12:53:47 [pool-2-thread-1] INFO  c.m.d.t.t.k.s.l.TwitterKafkaStatusListener - Twitter status with text massa magna adipiscing -Java -Microservices -Spring -Kafka -Elasticsearch dolor Fusce
2024-02-24 12:53:57 [pool-2-thread-1] INFO  c.m.d.t.t.k.s.l.TwitterKafkaStatusListener - Twitter status with text porttitor libero purus amet -Java -Microservices -Spring -Kafka -Elasticsearch Lorem pulvinar
2024-02-24 12:54:07 [pool-2-thread-1] INFO  c.m.d.t.t.k.s.l.TwitterKafkaStatusListener - Twitter status with text dolor Fusce amet libero -Java -Microservices -Spring -Kafka -Elasticsearch lectus magna adipiscing
2024-02-24 12:54:17 [pool-2-thread-1] INFO  c.m.d.t.t.k.s.l.TwitterKafkaStatusListener - Twitter status with text porttitor massa ipsum amet consectetuer ipsum consectetuer consectetuer -Java -Microservices -Spring -Kafka -Elasticsearch Lorem porttitor magna magna consectetuer Fusce adipiscing
2024-02-24 12:54:27 [pool-2-thread-1] INFO  c.m.d.t.t.k.s.l.TwitterKafkaStatusListener - Twitter status with text purus sed magna elit sit lectus -Java -Microservices -Spring -Kafka -Elasticsearch magna elit elit malesuada
2024-02-24 12:54:37 [pool-2-thread-1] INFO  c.m.d.t.t.k.s.l.TwitterKafkaStatusListener - Twitter status with text Fusce sit Lorem ipsum Fusce ultricies porttitor -Java -Microservices -Spring -Kafka -Elasticsearch ultricies Fusce purus massa Fusce amet
2024-02-24 12:54:47 [pool-2-thread-1] INFO  c.m.d.t.t.k.s.l.TwitterKafkaStatusListener - Twitter status with text purus Lorem consectetuer posuere Lorem -Java -Microservices -Spring -Kafka -Elasticsearch posuere congue ipsum massa
2024-02-24 12:54:57 [pool-2-thread-1] INFO  c.m.d.t.t.k.s.l.TwitterKafkaStatusListener - Twitter status with text consectetuer purus elit massa sit congue -Java -Microservices -Spring -Kafka -Elasticsearch posuere lectus porttitor posuere
2024-02-24 12:55:07 [pool-2-thread-1] INFO  c.m.d.t.t.k.s.l.TwitterKafkaStatusListener - Twitter status with text malesuada consectetuer porttitor ipsum massa posuere ultricies -Java -Microservices -Spring -Kafka -Elasticsearch sit sit amet massa consectetuer
2024-02-24 12:55:17 [pool-2-thread-1] INFO  c.m.d.t.t.k.s.l.TwitterKafkaStatusListener - Twitter status with text Fusce posuere malesuada congue ipsum lectus adipiscing -Java -Microservices -Spring -Kafka -Elasticsearch Maecenas posuere adipiscing libero lectus purus
2024-02-24 12:55:27 [pool-2-thread-1] INFO  c.m.d.t.t.k.s.l.TwitterKafkaStatusListener - Twitter status with text ultricies ultricies Lorem lectus ultricies Lorem elit sed -Java -Microservices -Spring -Kafka -Elasticsearch porttitor sed sit Lorem massa ipsum
2024-02-24 12:55:37 [pool-2-thread-1] INFO  c.m.d.t.t.k.s.l.TwitterKafkaStatusListener - Twitter status with text dolor Maecenas purus dolor -Java -Microservices -Spring -Kafka -Elasticsearch sed dolor
2024-02-24 12:55:47 [pool-2-thread-1] INFO  c.m.d.t.t.k.s.l.TwitterKafkaStatusListener - Twitter status with text libero Fusce elit -Java -Microservices -Spring -Kafka -Elasticsearch adipiscing adipiscing
2024-02-24 12:55:57 [pool-2-thread-1] INFO  c.m.d.t.t.k.s.l.TwitterKafkaStatusListener - Twitter status with text massa adipiscing ipsum massa dolor amet massa -Java -Microservices -Spring -Kafka -Elasticsearch malesuada malesuada Maecenas massa magna
2024-02-24 12:56:07 [pool-2-thread-1] INFO  c.m.d.t.t.k.s.l.TwitterKafkaStatusListener - Twitter status with text dolor sit dolor amet porttitor congue -Java -Microservices -Spring -Kafka -Elasticsearch sed adipiscing magna malesuada Lorem
2024-02-24 12:56:17 [pool-2-thread-1] INFO  c.m.d.t.t.k.s.l.TwitterKafkaStatusListener - Twitter status with text malesuada adipiscing amet lectus elit -Java -Microservices -Spring -Kafka -Elasticsearch Lorem massa congue ultricies
2024-02-24 12:56:50 [main] INFO  c.m.d.t.t.k.s.TwitterToKafkaServiceApplication - Starting TwitterToKafkaServiceApplication using Java 21.0.1 with PID 16424 (C:\Users\HP\Desktop\Projects\microservices.demo\twitter-to-kafka-service\target\classes started by HP in C:\Users\HP\Desktop\Projects\microservices.demo)
2024-02-24 12:56:50 [main] INFO  c.m.d.t.t.k.s.TwitterToKafkaServiceApplication - No active profile set, falling back to 1 default profile: "default"
2024-02-24 12:56:53 [main] INFO  c.m.d.t.t.k.s.TwitterToKafkaServiceApplication - Started TwitterToKafkaServiceApplication in 4.546 seconds (process running for 7.871)
2024-02-24 12:56:53 [main] INFO  c.m.d.t.t.k.s.TwitterToKafkaServiceApplication - App start...
2024-02-24 12:56:53 [main] INFO  c.m.d.t.t.k.s.TwitterToKafkaServiceApplication - [-Java -Microservices -Spring -Kafka -Elasticsearch]
2024-02-24 12:56:53 [main] INFO  c.m.d.t.t.k.s.TwitterToKafkaServiceApplication - Hello microservices!
2024-02-24 12:56:53 [main] INFO  c.m.d.t.t.k.s.r.i.MockKafkaStreamRunner - Starting mock filtering twitter streams for keywords [-Java -Microservices -Spring -Kafka -Elasticsearch]
2024-02-24 12:56:53 [pool-2-thread-1] INFO  c.m.d.t.t.k.s.l.TwitterKafkaStatusListener - Twitter status with text sed pulvinar malesuada adipiscing purus -Java -Microservices -Spring -Kafka -Elasticsearch malesuada consectetuer ultricies
2024-02-24 12:57:03 [pool-2-thread-1] INFO  c.m.d.t.t.k.s.l.TwitterKafkaStatusListener - Twitter status with text pulvinar adipiscing Lorem congue pulvinar -Java -Microservices -Spring -Kafka -Elasticsearch lectus Fusce Fusce
2024-02-24 12:57:13 [pool-2-thread-1] INFO  c.m.d.t.t.k.s.l.TwitterKafkaStatusListener - Twitter status with text sit porttitor Fusce adipiscing porttitor amet -Java -Microservices -Spring -Kafka -Elasticsearch sit sit massa congue magna
2024-02-24 12:57:23 [pool-2-thread-1] INFO  c.m.d.t.t.k.s.l.TwitterKafkaStatusListener - Twitter status with text porttitor porttitor Maecenas -Java -Microservices -Spring -Kafka -Elasticsearch adipiscing massa
2024-02-24 12:57:33 [pool-2-thread-1] INFO  c.m.d.t.t.k.s.l.TwitterKafkaStatusListener - Twitter status with text magna sit ultricies purus purus Maecenas libero -Java -Microservices -Spring -Kafka -Elasticsearch ipsum sit massa pulvinar libero Maecenas
2024-02-24 12:57:43 [pool-2-thread-1] INFO  c.m.d.t.t.k.s.l.TwitterKafkaStatusListener - Twitter status with text sed Maecenas pulvinar posuere massa -Java -Microservices -Spring -Kafka -Elasticsearch malesuada porttitor congue
2024-02-24 12:57:53 [pool-2-thread-1] INFO  c.m.d.t.t.k.s.l.TwitterKafkaStatusListener - Twitter status with text consectetuer elit malesuada -Java -Microservices -Spring -Kafka -Elasticsearch massa dolor
2024-02-24 12:58:03 [pool-2-thread-1] INFO  c.m.d.t.t.k.s.l.TwitterKafkaStatusListener - Twitter status with text ultricies pulvinar lectus congue -Java -Microservices -Spring -Kafka -Elasticsearch sed porttitor
2024-02-24 12:58:13 [pool-2-thread-1] INFO  c.m.d.t.t.k.s.l.TwitterKafkaStatusListener - Twitter status with text Maecenas libero libero posuere -Java -Microservices -Spring -Kafka -Elasticsearch posuere magna congue
2024-02-24 12:58:24 [pool-2-thread-1] INFO  c.m.d.t.t.k.s.l.TwitterKafkaStatusListener - Twitter status with text posuere ipsum posuere congue porttitor purus -Java -Microservices -Spring -Kafka -Elasticsearch elit Lorem Maecenas amet
2024-02-24 12:58:34 [pool-2-thread-1] INFO  c.m.d.t.t.k.s.l.TwitterKafkaStatusListener - Twitter status with text posuere Maecenas elit massa adipiscing magna pulvinar Fusce -Java -Microservices -Spring -Kafka -Elasticsearch adipiscing sed sit posuere magna amet
2024-02-24 12:58:44 [pool-2-thread-1] INFO  c.m.d.t.t.k.s.l.TwitterKafkaStatusListener - Twitter status with text adipiscing sit malesuada purus Lorem -Java -Microservices -Spring -Kafka -Elasticsearch consectetuer consectetuer sit
2024-02-24 12:58:54 [pool-2-thread-1] INFO  c.m.d.t.t.k.s.l.TwitterKafkaStatusListener - Twitter status with text congue purus dolor pulvinar sit Fusce -Java -Microservices -Spring -Kafka -Elasticsearch libero malesuada amet ultricies
2024-02-24 12:59:04 [pool-2-thread-1] INFO  c.m.d.t.t.k.s.l.TwitterKafkaStatusListener - Twitter status with text congue porttitor purus consectetuer Lorem magna -Java -Microservices -Spring -Kafka -Elasticsearch Maecenas porttitor ultricies porttitor consectetuer
2024-02-24 12:59:14 [pool-2-thread-1] INFO  c.m.d.t.t.k.s.l.TwitterKafkaStatusListener - Twitter status with text Fusce ultricies dolor ipsum sed massa massa -Java -Microservices -Spring -Kafka -Elasticsearch ultricies adipiscing amet massa sed
2024-02-24 12:59:24 [pool-2-thread-1] INFO  c.m.d.t.t.k.s.l.TwitterKafkaStatusListener - Twitter status with text congue pulvinar malesuada massa -Java -Microservices -Spring -Kafka -Elasticsearch libero elit
2024-02-24 12:59:34 [pool-2-thread-1] INFO  c.m.d.t.t.k.s.l.TwitterKafkaStatusListener - Twitter status with text lectus purus consectetuer -Java -Microservices -Spring -Kafka -Elasticsearch malesuada congue
2024-02-24 12:59:44 [pool-2-thread-1] INFO  c.m.d.t.t.k.s.l.TwitterKafkaStatusListener - Twitter status with text adipiscing malesuada ipsum pulvinar posuere -Java -Microservices -Spring -Kafka -Elasticsearch ipsum libero elit sed
2024-02-24 12:59:54 [pool-2-thread-1] INFO  c.m.d.t.t.k.s.l.TwitterKafkaStatusListener - Twitter status with text purus sed malesuada -Java -Microservices -Spring -Kafka -Elasticsearch ultricies posuere
2024-02-24 13:00:04 [pool-2-thread-1] INFO  c.m.d.t.t.k.s.l.TwitterKafkaStatusListener - Twitter status with text ipsum massa massa pulvinar -Java -Microservices -Spring -Kafka -Elasticsearch Fusce elit ipsum
2024-02-24 13:00:14 [pool-2-thread-1] INFO  c.m.d.t.t.k.s.l.TwitterKafkaStatusListener - Twitter status with text Fusce Lorem sit adipiscing purus Maecenas lectus -Java -Microservices -Spring -Kafka -Elasticsearch ultricies Maecenas posuere sit lectus
2024-02-24 13:00:24 [pool-2-thread-1] INFO  c.m.d.t.t.k.s.l.TwitterKafkaStatusListener - Twitter status with text ultricies malesuada sed ipsum pulvinar Lorem ipsum Fusce -Java -Microservices -Spring -Kafka -Elasticsearch Lorem porttitor porttitor adipiscing sed malesuada
2024-02-24 13:00:34 [pool-2-thread-1] INFO  c.m.d.t.t.k.s.l.TwitterKafkaStatusListener - Twitter status with text congue ipsum consectetuer adipiscing Fusce -Java -Microservices -Spring -Kafka -Elasticsearch ipsum adipiscing massa
2024-02-24 13:00:44 [pool-2-thread-1] INFO  c.m.d.t.t.k.s.l.TwitterKafkaStatusListener - Twitter status with text porttitor pulvinar lectus lectus purus -Java -Microservices -Spring -Kafka -Elasticsearch adipiscing elit dolor
2024-02-24 13:00:54 [pool-2-thread-1] INFO  c.m.d.t.t.k.s.l.TwitterKafkaStatusListener - Twitter status with text massa purus libero sit -Java -Microservices -Spring -Kafka -Elasticsearch amet posuere Lorem
2024-02-24 13:01:04 [pool-2-thread-1] INFO  c.m.d.t.t.k.s.l.TwitterKafkaStatusListener - Twitter status with text Lorem libero dolor magna massa -Java -Microservices -Spring -Kafka -Elasticsearch Maecenas ultricies adipiscing
2024-02-24 13:01:14 [pool-2-thread-1] INFO  c.m.d.t.t.k.s.l.TwitterKafkaStatusListener - Twitter status with text congue purus lectus -Java -Microservices -Spring -Kafka -Elasticsearch purus amet
2024-02-24 13:01:24 [pool-2-thread-1] INFO  c.m.d.t.t.k.s.l.TwitterKafkaStatusListener - Twitter status with text posuere magna Lorem elit -Java -Microservices -Spring -Kafka -Elasticsearch ipsum libero posuere
2024-02-24 13:01:34 [pool-2-thread-1] INFO  c.m.d.t.t.k.s.l.TwitterKafkaStatusListener - Twitter status with text sed sed purus libero -Java -Microservices -Spring -Kafka -Elasticsearch porttitor Fusce
2024-02-24 13:01:44 [pool-2-thread-1] INFO  c.m.d.t.t.k.s.l.TwitterKafkaStatusListener - Twitter status with text posuere Maecenas sit Lorem amet purus sed sed -Java -Microservices -Spring -Kafka -Elasticsearch dolor pulvinar Maecenas lectus posuere elit
2024-02-24 13:01:54 [pool-2-thread-1] INFO  c.m.d.t.t.k.s.l.TwitterKafkaStatusListener - Twitter status with text sed purus elit porttitor posuere Fusce -Java -Microservices -Spring -Kafka -Elasticsearch elit Maecenas adipiscing lectus sed
2024-02-24 13:02:04 [pool-2-thread-1] INFO  c.m.d.t.t.k.s.l.TwitterKafkaStatusListener - Twitter status with text libero Fusce elit adipiscing porttitor Fusce Maecenas -Java -Microservices -Spring -Kafka -Elasticsearch sed malesuada Lorem congue ultricies
2024-02-24 13:02:14 [pool-2-thread-1] INFO  c.m.d.t.t.k.s.l.TwitterKafkaStatusListener - Twitter status with text ipsum sed libero posuere libero porttitor posuere -Java -Microservices -Spring -Kafka -Elasticsearch sit Fusce dolor Lorem magna
2024-02-24 13:02:24 [pool-2-thread-1] INFO  c.m.d.t.t.k.s.l.TwitterKafkaStatusListener - Twitter status with text ultricies dolor elit ultricies magna -Java -Microservices -Spring -Kafka -Elasticsearch elit consectetuer ultricies
2024-02-24 13:02:34 [pool-2-thread-1] INFO  c.m.d.t.t.k.s.l.TwitterKafkaStatusListener - Twitter status with text elit elit libero consectetuer -Java -Microservices -Spring -Kafka -Elasticsearch adipiscing sed amet
2024-02-24 13:02:44 [pool-2-thread-1] INFO  c.m.d.t.t.k.s.l.TwitterKafkaStatusListener - Twitter status with text Maecenas malesuada congue libero -Java -Microservices -Spring -Kafka -Elasticsearch pulvinar purus purus
2024-02-24 13:02:54 [pool-2-thread-1] INFO  c.m.d.t.t.k.s.l.TwitterKafkaStatusListener - Twitter status with text Maecenas malesuada ipsum -Java -Microservices -Spring -Kafka -Elasticsearch ipsum magna
2024-02-24 13:03:04 [pool-2-thread-1] INFO  c.m.d.t.t.k.s.l.TwitterKafkaStatusListener - Twitter status with text Maecenas elit ultricies libero ultricies pulvinar -Java -Microservices -Spring -Kafka -Elasticsearch ultricies ipsum ultricies Fusce
2024-02-24 13:03:14 [pool-2-thread-1] INFO  c.m.d.t.t.k.s.l.TwitterKafkaStatusListener - Twitter status with text amet congue Fusce congue ipsum congue sed purus -Java -Microservices -Spring -Kafka -Elasticsearch sed sed malesuada consectetuer ipsum lectus amet
2024-02-24 13:03:24 [pool-2-thread-1] INFO  c.m.d.t.t.k.s.l.TwitterKafkaStatusListener - Twitter status with text consectetuer massa purus adipiscing -Java -Microservices -Spring -Kafka -Elasticsearch Fusce libero
2024-02-24 13:03:34 [pool-2-thread-1] INFO  c.m.d.t.t.k.s.l.TwitterKafkaStatusListener - Twitter status with text posuere adipiscing amet sit -Java -Microservices -Spring -Kafka -Elasticsearch Fusce magna porttitor
2024-02-24 13:03:44 [pool-2-thread-1] INFO  c.m.d.t.t.k.s.l.TwitterKafkaStatusListener - Twitter status with text consectetuer libero amet lectus magna massa adipiscing -Java -Microservices -Spring -Kafka -Elasticsearch magna pulvinar amet sit ultricies elit
2024-02-24 13:03:54 [pool-2-thread-1] INFO  c.m.d.t.t.k.s.l.TwitterKafkaStatusListener - Twitter status with text elit ipsum porttitor sit sed lectus -Java -Microservices -Spring -Kafka -Elasticsearch sed dolor ultricies dolor
2024-02-24 13:04:04 [pool-2-thread-1] INFO  c.m.d.t.t.k.s.l.TwitterKafkaStatusListener - Twitter status with text congue ipsum Lorem libero elit porttitor adipiscing -Java -Microservices -Spring -Kafka -Elasticsearch sed adipiscing massa lectus consectetuer
2024-02-24 13:04:14 [pool-2-thread-1] INFO  c.m.d.t.t.k.s.l.TwitterKafkaStatusListener - Twitter status with text amet Maecenas magna adipiscing ipsum -Java -Microservices -Spring -Kafka -Elasticsearch Lorem ipsum sed elit
2024-02-24 13:04:25 [pool-2-thread-1] INFO  c.m.d.t.t.k.s.l.TwitterKafkaStatusListener - Twitter status with text sed amet posuere -Java -Microservices -Spring -Kafka -Elasticsearch adipiscing congue
2024-02-24 13:04:35 [pool-2-thread-1] INFO  c.m.d.t.t.k.s.l.TwitterKafkaStatusListener - Twitter status with text lectus amet congue massa posuere porttitor posuere -Java -Microservices -Spring -Kafka -Elasticsearch porttitor posuere ultricies Fusce ultricies
2024-02-24 13:04:45 [pool-2-thread-1] INFO  c.m.d.t.t.k.s.l.TwitterKafkaStatusListener - Twitter status with text purus ipsum congue -Java -Microservices -Spring -Kafka -Elasticsearch magna consectetuer
2024-02-24 13:04:55 [pool-2-thread-1] INFO  c.m.d.t.t.k.s.l.TwitterKafkaStatusListener - Twitter status with text porttitor magna amet malesuada dolor congue adipiscing purus -Java -Microservices -Spring -Kafka -Elasticsearch malesuada posuere porttitor sit Lorem magna
2024-02-24 13:05:05 [pool-2-thread-1] INFO  c.m.d.t.t.k.s.l.TwitterKafkaStatusListener - Twitter status with text congue pulvinar porttitor -Java -Microservices -Spring -Kafka -Elasticsearch Maecenas adipiscing
2024-02-24 13:05:15 [pool-2-thread-1] INFO  c.m.d.t.t.k.s.l.TwitterKafkaStatusListener - Twitter status with text purus Lorem amet libero -Java -Microservices -Spring -Kafka -Elasticsearch consectetuer massa
2024-02-24 13:05:25 [pool-2-thread-1] INFO  c.m.d.t.t.k.s.l.TwitterKafkaStatusListener - Twitter status with text Lorem consectetuer Fusce Lorem pulvinar -Java -Microservices -Spring -Kafka -Elasticsearch adipiscing posuere ultricies
2024-02-24 13:05:35 [pool-2-thread-1] INFO  c.m.d.t.t.k.s.l.TwitterKafkaStatusListener - Twitter status with text purus libero dolor Fusce elit Fusce amet -Java -Microservices -Spring -Kafka -Elasticsearch Maecenas porttitor dolor massa Maecenas posuere
2024-02-24 13:05:45 [pool-2-thread-1] INFO  c.m.d.t.t.k.s.l.TwitterKafkaStatusListener - Twitter status with text posuere Maecenas ultricies purus Maecenas -Java -Microservices -Spring -Kafka -Elasticsearch posuere Lorem dolor
2024-02-24 13:05:55 [pool-2-thread-1] INFO  c.m.d.t.t.k.s.l.TwitterKafkaStatusListener - Twitter status with text libero amet Fusce adipiscing sit Fusce sed -Java -Microservices -Spring -Kafka -Elasticsearch lectus massa Lorem ipsum magna massa
2024-02-24 13:06:05 [pool-2-thread-1] INFO  c.m.d.t.t.k.s.l.TwitterKafkaStatusListener - Twitter status with text elit lectus purus porttitor congue lectus congue consectetuer -Java -Microservices -Spring -Kafka -Elasticsearch sed lectus elit purus Maecenas malesuada congue
2024-02-24 13:06:15 [pool-2-thread-1] INFO  c.m.d.t.t.k.s.l.TwitterKafkaStatusListener - Twitter status with text malesuada congue Lorem libero purus posuere -Java -Microservices -Spring -Kafka -Elasticsearch porttitor congue elit lectus massa
2024-02-24 13:06:25 [pool-2-thread-1] INFO  c.m.d.t.t.k.s.l.TwitterKafkaStatusListener - Twitter status with text congue ultricies malesuada purus ipsum malesuada -Java -Microservices -Spring -Kafka -Elasticsearch porttitor massa ipsum dolor
2024-02-24 13:06:35 [pool-2-thread-1] INFO  c.m.d.t.t.k.s.l.TwitterKafkaStatusListener - Twitter status with text Lorem dolor ultricies congue ultricies -Java -Microservices -Spring -Kafka -Elasticsearch porttitor libero magna
2024-02-24 13:06:45 [pool-2-thread-1] INFO  c.m.d.t.t.k.s.l.TwitterKafkaStatusListener - Twitter status with text porttitor Maecenas dolor congue -Java -Microservices -Spring -Kafka -Elasticsearch amet dolor dolor
2024-02-24 13:06:55 [pool-2-thread-1] INFO  c.m.d.t.t.k.s.l.TwitterKafkaStatusListener - Twitter status with text lectus elit Maecenas Lorem consectetuer -Java -Microservices -Spring -Kafka -Elasticsearch Fusce porttitor amet
2024-02-24 13:07:05 [pool-2-thread-1] INFO  c.m.d.t.t.k.s.l.TwitterKafkaStatusListener - Twitter status with text sed elit amet Maecenas -Java -Microservices -Spring -Kafka -Elasticsearch ultricies ipsum libero
2024-02-24 13:07:16 [pool-2-thread-1] INFO  c.m.d.t.t.k.s.l.TwitterKafkaStatusListener - Twitter status with text malesuada magna consectetuer libero congue -Java -Microservices -Spring -Kafka -Elasticsearch magna Fusce magna
2024-02-24 13:07:26 [pool-2-thread-1] INFO  c.m.d.t.t.k.s.l.TwitterKafkaStatusListener - Twitter status with text purus posuere purus adipiscing congue Maecenas congue -Java -Microservices -Spring -Kafka -Elasticsearch dolor elit adipiscing Fusce Maecenas purus
2024-02-24 13:07:36 [pool-2-thread-1] INFO  c.m.d.t.t.k.s.l.TwitterKafkaStatusListener - Twitter status with text ultricies posuere consectetuer consectetuer sit adipiscing pulvinar -Java -Microservices -Spring -Kafka -Elasticsearch pulvinar elit dolor libero ipsum porttitor
2024-02-24 13:07:47 [pool-2-thread-1] INFO  c.m.d.t.t.k.s.l.TwitterKafkaStatusListener - Twitter status with text sit lectus porttitor -Java -Microservices -Spring -Kafka -Elasticsearch purus libero
2024-02-24 13:07:57 [pool-2-thread-1] INFO  c.m.d.t.t.k.s.l.TwitterKafkaStatusListener - Twitter status with text Maecenas posuere massa consectetuer sit -Java -Microservices -Spring -Kafka -Elasticsearch congue libero consectetuer
2024-02-24 13:08:09 [pool-2-thread-1] INFO  c.m.d.t.t.k.s.l.TwitterKafkaStatusListener - Twitter status with text Lorem libero amet Lorem -Java -Microservices -Spring -Kafka -Elasticsearch Fusce sed
2024-02-24 13:08:19 [pool-2-thread-1] INFO  c.m.d.t.t.k.s.l.TwitterKafkaStatusListener - Twitter status with text congue Fusce Lorem ipsum sed posuere adipiscing -Java -Microservices -Spring -Kafka -Elasticsearch porttitor massa congue dolor ultricies
2024-02-24 13:08:29 [pool-2-thread-1] INFO  c.m.d.t.t.k.s.l.TwitterKafkaStatusListener - Twitter status with text magna porttitor pulvinar ultricies -Java -Microservices -Spring -Kafka -Elasticsearch adipiscing sit Fusce
2024-02-24 13:08:39 [pool-2-thread-1] INFO  c.m.d.t.t.k.s.l.TwitterKafkaStatusListener - Twitter status with text libero consectetuer lectus consectetuer posuere Fusce malesuada Fusce -Java -Microservices -Spring -Kafka -Elasticsearch Fusce sit consectetuer pulvinar congue libero libero
2024-02-24 13:08:49 [pool-2-thread-1] INFO  c.m.d.t.t.k.s.l.TwitterKafkaStatusListener - Twitter status with text Lorem sed pulvinar dolor purus -Java -Microservices -Spring -Kafka -Elasticsearch elit sed Maecenas
2024-02-24 13:08:59 [pool-2-thread-1] INFO  c.m.d.t.t.k.s.l.TwitterKafkaStatusListener - Twitter status with text adipiscing magna lectus Lorem ipsum Lorem -Java -Microservices -Spring -Kafka -Elasticsearch porttitor amet libero amet
2024-02-24 13:09:09 [pool-2-thread-1] INFO  c.m.d.t.t.k.s.l.TwitterKafkaStatusListener - Twitter status with text magna Lorem congue amet consectetuer malesuada -Java -Microservices -Spring -Kafka -Elasticsearch dolor sit libero dolor
2024-02-24 13:09:19 [pool-2-thread-1] INFO  c.m.d.t.t.k.s.l.TwitterKafkaStatusListener - Twitter status with text sed lectus purus ipsum porttitor posuere massa Fusce -Java -Microservices -Spring -Kafka -Elasticsearch congue dolor ipsum dolor elit massa
2024-02-24 13:09:29 [pool-2-thread-1] INFO  c.m.d.t.t.k.s.l.TwitterKafkaStatusListener - Twitter status with text elit Maecenas malesuada Fusce magna consectetuer malesuada ipsum -Java -Microservices -Spring -Kafka -Elasticsearch posuere lectus adipiscing Lorem Maecenas malesuada sit
2024-02-24 13:09:39 [pool-2-thread-1] INFO  c.m.d.t.t.k.s.l.TwitterKafkaStatusListener - Twitter status with text Fusce Maecenas pulvinar massa lectus pulvinar -Java -Microservices -Spring -Kafka -Elasticsearch sed pulvinar sit congue consectetuer
2024-02-24 13:09:50 [pool-2-thread-1] INFO  c.m.d.t.t.k.s.l.TwitterKafkaStatusListener - Twitter status with text elit adipiscing purus lectus sed lectus -Java -Microservices -Spring -Kafka -Elasticsearch posuere libero purus massa dolor
2024-02-24 13:10:01 [pool-2-thread-1] INFO  c.m.d.t.t.k.s.l.TwitterKafkaStatusListener - Twitter status with text Maecenas consectetuer sit adipiscing -Java -Microservices -Spring -Kafka -Elasticsearch pulvinar consectetuer elit
2024-02-24 13:10:11 [pool-2-thread-1] INFO  c.m.d.t.t.k.s.l.TwitterKafkaStatusListener - Twitter status with text consectetuer purus amet ipsum ultricies -Java -Microservices -Spring -Kafka -Elasticsearch sed lectus lectus
2024-02-24 13:10:22 [pool-2-thread-1] INFO  c.m.d.t.t.k.s.l.TwitterKafkaStatusListener - Twitter status with text sed congue consectetuer sit massa amet Maecenas posuere -Java -Microservices -Spring -Kafka -Elasticsearch amet adipiscing Maecenas ipsum lectus Lorem
2024-02-24 13:10:32 [pool-2-thread-1] INFO  c.m.d.t.t.k.s.l.TwitterKafkaStatusListener - Twitter status with text magna purus malesuada posuere massa -Java -Microservices -Spring -Kafka -Elasticsearch Fusce Maecenas magna porttitor
2024-02-24 13:10:42 [pool-2-thread-1] INFO  c.m.d.t.t.k.s.l.TwitterKafkaStatusListener - Twitter status with text ultricies amet elit ipsum purus dolor ultricies -Java -Microservices -Spring -Kafka -Elasticsearch massa ultricies Lorem libero massa
2024-02-24 13:10:52 [pool-2-thread-1] INFO  c.m.d.t.t.k.s.l.TwitterKafkaStatusListener - Twitter status with text sit Lorem libero amet Fusce malesuada massa libero -Java -Microservices -Spring -Kafka -Elasticsearch porttitor porttitor ipsum adipiscing Maecenas Lorem
2024-02-24 13:11:02 [pool-2-thread-1] INFO  c.m.d.t.t.k.s.l.TwitterKafkaStatusListener - Twitter status with text Fusce malesuada adipiscing elit massa -Java -Microservices -Spring -Kafka -Elasticsearch posuere adipiscing porttitor elit
2024-02-24 13:11:12 [pool-2-thread-1] INFO  c.m.d.t.t.k.s.l.TwitterKafkaStatusListener - Twitter status with text sed dolor magna porttitor Maecenas ipsum ultricies porttitor -Java -Microservices -Spring -Kafka -Elasticsearch lectus magna sit posuere pulvinar lectus
2024-02-24 13:11:22 [pool-2-thread-1] INFO  c.m.d.t.t.k.s.l.TwitterKafkaStatusListener - Twitter status with text congue amet amet posuere pulvinar purus -Java -Microservices -Spring -Kafka -Elasticsearch ultricies Maecenas massa ipsum ultricies
2024-02-24 13:11:32 [pool-2-thread-1] INFO  c.m.d.t.t.k.s.l.TwitterKafkaStatusListener - Twitter status with text libero lectus Maecenas massa dolor pulvinar elit malesuada -Java -Microservices -Spring -Kafka -Elasticsearch Lorem posuere massa sed posuere Lorem posuere
2024-02-24 13:11:42 [pool-2-thread-1] INFO  c.m.d.t.t.k.s.l.TwitterKafkaStatusListener - Twitter status with text lectus ipsum amet elit -Java -Microservices -Spring -Kafka -Elasticsearch porttitor ipsum
2024-02-24 13:11:52 [pool-2-thread-1] INFO  c.m.d.t.t.k.s.l.TwitterKafkaStatusListener - Twitter status with text Maecenas elit Fusce sit malesuada pulvinar pulvinar -Java -Microservices -Spring -Kafka -Elasticsearch pulvinar purus posuere adipiscing ultricies elit
2024-02-24 13:12:02 [pool-2-thread-1] INFO  c.m.d.t.t.k.s.l.TwitterKafkaStatusListener - Twitter status with text ipsum porttitor libero sit elit purus Fusce -Java -Microservices -Spring -Kafka -Elasticsearch Maecenas Lorem posuere malesuada adipiscing pulvinar
2024-02-24 13:12:13 [pool-2-thread-1] INFO  c.m.d.t.t.k.s.l.TwitterKafkaStatusListener - Twitter status with text Lorem massa Fusce pulvinar Maecenas ipsum -Java -Microservices -Spring -Kafka -Elasticsearch Maecenas porttitor lectus sit posuere
2024-02-24 13:12:23 [pool-2-thread-1] INFO  c.m.d.t.t.k.s.l.TwitterKafkaStatusListener - Twitter status with text consectetuer Maecenas consectetuer libero sed consectetuer massa magna -Java -Microservices -Spring -Kafka -Elasticsearch amet ultricies lectus magna pulvinar malesuada
2024-02-24 13:12:33 [pool-2-thread-1] INFO  c.m.d.t.t.k.s.l.TwitterKafkaStatusListener - Twitter status with text dolor adipiscing massa dolor adipiscing porttitor sit -Java -Microservices -Spring -Kafka -Elasticsearch ipsum consectetuer massa malesuada congue
2024-02-24 13:12:43 [pool-2-thread-1] INFO  c.m.d.t.t.k.s.l.TwitterKafkaStatusListener - Twitter status with text sed consectetuer adipiscing consectetuer ultricies malesuada -Java -Microservices -Spring -Kafka -Elasticsearch ipsum ultricies amet congue congue
2024-02-24 13:12:53 [pool-2-thread-1] INFO  c.m.d.t.t.k.s.l.TwitterKafkaStatusListener - Twitter status with text pulvinar sed malesuada elit Maecenas adipiscing amet Maecenas -Java -Microservices -Spring -Kafka -Elasticsearch libero magna posuere Maecenas consectetuer dolor
2024-02-24 13:13:03 [pool-2-thread-1] INFO  c.m.d.t.t.k.s.l.TwitterKafkaStatusListener - Twitter status with text lectus elit sit sit -Java -Microservices -Spring -Kafka -Elasticsearch Lorem libero
2024-02-24 13:13:13 [pool-2-thread-1] INFO  c.m.d.t.t.k.s.l.TwitterKafkaStatusListener - Twitter status with text amet congue consectetuer adipiscing -Java -Microservices -Spring -Kafka -Elasticsearch porttitor lectus ipsum
2024-02-24 13:13:23 [pool-2-thread-1] INFO  c.m.d.t.t.k.s.l.TwitterKafkaStatusListener - Twitter status with text porttitor Maecenas lectus Lorem -Java -Microservices -Spring -Kafka -Elasticsearch massa massa malesuada
2024-02-24 13:13:35 [pool-2-thread-1] INFO  c.m.d.t.t.k.s.l.TwitterKafkaStatusListener - Twitter status with text elit massa porttitor libero ipsum sed -Java -Microservices -Spring -Kafka -Elasticsearch malesuada sed sit posuere amet
2024-02-24 13:13:47 [pool-2-thread-1] INFO  c.m.d.t.t.k.s.l.TwitterKafkaStatusListener - Twitter status with text Maecenas sed consectetuer congue congue Fusce massa -Java -Microservices -Spring -Kafka -Elasticsearch lectus malesuada porttitor porttitor libero
2024-02-24 13:13:57 [pool-2-thread-1] INFO  c.m.d.t.t.k.s.l.TwitterKafkaStatusListener - Twitter status with text posuere Maecenas Lorem pulvinar ultricies purus dolor Fusce -Java -Microservices -Spring -Kafka -Elasticsearch ipsum dolor sed congue magna congue ipsum
2024-02-24 13:14:07 [pool-2-thread-1] INFO  c.m.d.t.t.k.s.l.TwitterKafkaStatusListener - Twitter status with text libero ipsum ultricies congue ultricies purus ultricies -Java -Microservices -Spring -Kafka -Elasticsearch malesuada pulvinar ipsum posuere elit magna
